TN:
SF:crud-api-users\src\controllers\userController.js
FN:4,(anonymous_0)
FN:14,(anonymous_1)
FN:25,(anonymous_2)
FN:35,(anonymous_3)
FN:45,(anonymous_4)
FNF:5
FNH:5
FNDA:1,(anonymous_0)
FNDA:2,(anonymous_1)
FNDA:1,(anonymous_2)
FNDA:1,(anonymous_3)
FNDA:1,(anonymous_4)
DA:1,1
DA:4,1
DA:5,1
DA:6,1
DA:7,1
DA:9,0
DA:14,1
DA:15,2
DA:16,2
DA:17,2
DA:18,1
DA:20,0
DA:25,1
DA:26,1
DA:27,1
DA:28,1
DA:30,0
DA:35,1
DA:36,1
DA:37,1
DA:38,1
DA:40,0
DA:45,1
DA:46,1
DA:47,1
DA:48,1
DA:50,0
DA:54,1
LF:28
LH:23
BRDA:17,0,0,1
BRDA:17,0,1,1
BRF:2
BRH:2
end_of_record
TN:
SF:crud-api-users\src\models\userModel.js
FN:8,(anonymous_0)
FN:9,(anonymous_1)
FN:12,(anonymous_2)
FN:16,(anonymous_3)
FNF:4
FNH:4
FNDA:3,(anonymous_0)
FNDA:4,(anonymous_1)
FNDA:2,(anonymous_2)
FNDA:2,(anonymous_3)
DA:2,4
DA:7,4
DA:8,4
DA:9,4
DA:10,3
DA:12,4
DA:13,2
DA:14,2
DA:16,4
DA:17,2
DA:18,2
DA:20,4
DA:22,4
LF:13
LH:13
BRF:0
BRH:0
end_of_record
TN:
SF:crud-api-users\src\services\userService.js
FN:4,(anonymous_0)
FN:8,(anonymous_1)
FN:12,(anonymous_2)
FN:16,(anonymous_3)
FN:20,(anonymous_4)
FNF:5
FNH:5
FNDA:1,(anonymous_0)
FNDA:1,(anonymous_1)
FNDA:1,(anonymous_2)
FNDA:1,(anonymous_3)
FNDA:1,(anonymous_4)
DA:2,1
DA:4,1
DA:5,1
DA:8,1
DA:9,1
DA:12,1
DA:13,1
DA:16,1
DA:17,1
DA:20,1
DA:21,1
DA:24,1
LF:12
LH:12
BRF:0
BRH:0
end_of_record
